2026-03-12 10:11:39 - INFO - init_i18n - Tentativo di caricare traduzioni per 'it' da: /home/guido/DataFlow 2.0.0 - Linux/locale
2026-03-12 10:11:39 - INFO - init_i18n - ✓ File traduzioni caricato con successo: /home/guido/DataFlow 2.0.0 - Linux/locale/it/LC_MESSAGES/dataflow.mo
2026-03-12 10:11:39 - INFO - <module> - ======================================================================
2026-03-12 10:11:39 - INFO - <module> - INIZIALIZZAZIONE I18N
2026-03-12 10:11:39 - INFO - <module> - ======================================================================
2026-03-12 10:11:39 - INFO - init_i18n - Tentativo di caricare traduzioni per 'en' da: /home/guido/DataFlow 2.0.0 - Linux/locale
2026-03-12 10:11:39 - INFO - init_i18n - ✓ File traduzioni caricato con successo: /home/guido/DataFlow 2.0.0 - Linux/locale/en/LC_MESSAGES/dataflow.mo
2026-03-12 10:11:39 - INFO - <module> - Lingua inizializzata: en
2026-03-12 10:11:39 - INFO - <module> - ======================================================================
2026-03-12 10:11:48 - INFO - main_task - Identità utente già salvata: gsoraru
2026-03-12 10:11:48 - INFO - reset_db_cache - Cache percorso DB invalidata
2026-03-12 10:11:48 - INFO - crea_database_v4 - Inizializzazione database
2026-03-12 10:11:48 - INFO - get_user_documents_dataflow_dir - Usando directory DataFlow standard: /home/guido/DataFlow_gsoraru
2026-03-12 10:11:48 - INFO - initialize_dataflow_directory_structure - Struttura DataFlow creata/in ripristino in: /home/guido/DataFlow_gsoraru
2026-03-12 10:11:48 - INFO - get_db_path - Usando database utente: /home/guido/DataFlow_gsoraru/Database/dataflow_db_gsoraru.db
2026-03-12 10:11:48 - INFO - get_db_path - Percorso database finale: /home/guido/DataFlow_gsoraru/Database/dataflow_db_gsoraru.db
2026-03-12 10:11:48 - INFO - crea_database_v4 - Nuovo database creato
2026-03-12 10:11:48 - INFO - crea_database_v4 - Database inizializzato con successo
2026-03-12 10:11:48 - INFO - get_user_documents_dataflow_dir - Usando directory DataFlow standard: /home/guido/DataFlow_gsoraru
2026-03-12 10:11:49 - INFO - _load_requests_by_status - [MULTI-DB] Caricamento da tutti i database (filtro utente: gsoraru)...
2026-03-12 10:11:49 - INFO - _load_requests_by_status - [MULTI-DB] Trovate 0 RdO in stato 'attiva' per utente 'gsoraru'
2026-03-12 10:11:49 - INFO - _load_requests_by_status - [MULTI-DB] Caricamento da tutti i database (filtro utente: gsoraru)...
2026-03-12 10:11:49 - INFO - _load_requests_by_status - [MULTI-DB] Trovate 0 RdO in stato 'archiviata' per utente 'gsoraru'
2026-03-12 10:11:49 - INFO - populate_username_filter - [populate_username_filter] Trovati 0 utenti: []
2026-03-12 10:12:10 - INFO - open_new_request_window - Creata nuova RdO guscio N° 2600000 (tipo: Fornitura piena)
2026-03-12 10:12:53 - INFO - save_po_entries - Numeri ordine salvati per RdO 2600000: 1 entries
2026-03-12 10:12:54 - INFO - save_po_entries - Numeri ordine salvati per RdO 2600000: 1 entries
2026-03-12 10:13:08 - INFO - export_to_excel - Esportazione Excel per RdO 2600000
2026-03-12 10:13:20 - INFO - export_to_excel - Excel esportato: /home/guido/Summary_RfQ_2600000.xlsx
2026-03-12 10:14:01 - INFO - _load_requests_by_status - [MULTI-DB] Caricamento da tutti i database (filtro utente: gsoraru)...
2026-03-12 10:14:01 - INFO - _load_requests_by_status - [MULTI-DB] Trovate 1 RdO in stato 'attiva' per utente 'gsoraru'
2026-03-12 10:14:01 - INFO - _load_requests_by_status - [MULTI-DB] Caricamento da tutti i database (filtro utente: gsoraru)...
2026-03-12 10:14:01 - INFO - _load_requests_by_status - [MULTI-DB] Trovate 0 RdO in stato 'archiviata' per utente 'gsoraru'
2026-03-12 10:14:01 - INFO - populate_username_filter - [populate_username_filter] Trovati 1 utenti: ['gsoraru']
2026-03-12 10:14:59 - INFO - _load_requests_by_status - [MULTI-DB] Caricamento da tutti i database (filtro utente: gsoraru)...
2026-03-12 10:14:59 - INFO - _load_requests_by_status - [MULTI-DB] Trovate 1 RdO in stato 'attiva' per utente 'gsoraru'
2026-03-12 10:14:59 - INFO - _load_requests_by_status - [MULTI-DB] Caricamento da tutti i database (filtro utente: gsoraru)...
2026-03-12 10:14:59 - INFO - _load_requests_by_status - [MULTI-DB] Trovate 0 RdO in stato 'archiviata' per utente 'gsoraru'
2026-03-12 10:14:59 - INFO - populate_username_filter - [populate_username_filter] Trovati 1 utenti: ['gsoraru']
2026-03-12 10:20:04 - INFO - _load_requests_by_status - [MULTI-DB] Caricamento da tutti i database (filtro utente: gsoraru)...
2026-03-12 10:20:04 - INFO - _load_requests_by_status - [MULTI-DB] Trovate 1 RdO in stato 'attiva' per utente 'gsoraru'
2026-03-12 10:20:04 - INFO - _load_requests_by_status - [MULTI-DB] Caricamento da tutti i database (filtro utente: gsoraru)...
2026-03-12 10:20:04 - INFO - _load_requests_by_status - [MULTI-DB] Trovate 0 RdO in stato 'archiviata' per utente 'gsoraru'
2026-03-12 10:20:04 - INFO - populate_username_filter - [populate_username_filter] Trovati 1 utenti: ['gsoraru']
2026-03-12 10:22:22 - INFO - init_i18n - Tentativo di caricare traduzioni per 'it' da: /home/guido/DataFlow 2.0.0 - Linux/locale
2026-03-12 10:22:22 - INFO - init_i18n - ✓ File traduzioni caricato con successo: /home/guido/DataFlow 2.0.0 - Linux/locale/it/LC_MESSAGES/dataflow.mo
2026-03-12 10:22:22 - INFO - <module> - ======================================================================
2026-03-12 10:22:22 - INFO - <module> - INIZIALIZZAZIONE I18N
2026-03-12 10:22:22 - INFO - <module> - ======================================================================
2026-03-12 10:22:22 - INFO - init_i18n - Tentativo di caricare traduzioni per 'en' da: /home/guido/DataFlow 2.0.0 - Linux/locale
2026-03-12 10:22:22 - INFO - init_i18n - ✓ File traduzioni caricato con successo: /home/guido/DataFlow 2.0.0 - Linux/locale/en/LC_MESSAGES/dataflow.mo
2026-03-12 10:22:22 - INFO - <module> - Lingua inizializzata: en
2026-03-12 10:22:22 - INFO - <module> - ======================================================================
2026-03-12 10:22:22 - INFO - main_task - Identità utente già presente: gsoraru
2026-03-12 10:22:22 - INFO - main_task - Identità utente già salvata: gsoraru
2026-03-12 10:22:22 - INFO - reset_db_cache - Cache percorso DB invalidata
2026-03-12 10:22:22 - INFO - crea_database_v4 - Inizializzazione database
2026-03-12 10:22:22 - INFO - get_user_documents_dataflow_dir - Usando directory DataFlow standard: /home/guido/DataFlow_gsoraru
2026-03-12 10:22:22 - INFO - get_db_path - Usando database utente: /home/guido/DataFlow_gsoraru/Database/dataflow_db_gsoraru.db
2026-03-12 10:22:22 - INFO - get_db_path - Percorso database finale: /home/guido/DataFlow_gsoraru/Database/dataflow_db_gsoraru.db
2026-03-12 10:22:22 - INFO - crea_database_v4 - Database inizializzato con successo
2026-03-12 10:22:22 - INFO - get_user_documents_dataflow_dir - Usando directory DataFlow standard: /home/guido/DataFlow_gsoraru
2026-03-12 10:22:23 - INFO - _load_requests_by_status - [MULTI-DB] Caricamento da tutti i database (filtro utente: gsoraru)...
2026-03-12 10:22:23 - INFO - _load_requests_by_status - [MULTI-DB] Trovate 1 RdO in stato 'attiva' per utente 'gsoraru'
2026-03-12 10:22:23 - INFO - _load_requests_by_status - [MULTI-DB] Caricamento da tutti i database (filtro utente: gsoraru)...
2026-03-12 10:22:23 - INFO - _load_requests_by_status - [MULTI-DB] Trovate 0 RdO in stato 'archiviata' per utente 'gsoraru'
2026-03-12 10:22:23 - INFO - populate_username_filter - [populate_username_filter] Trovati 1 utenti: ['gsoraru']
2026-03-12 10:23:09 - INFO - _load_requests_by_status - [MULTI-DB] Caricamento da tutti i database (filtro utente: gsoraru)...
2026-03-12 10:23:09 - INFO - _load_requests_by_status - [MULTI-DB] Trovate 1 RdO in stato 'attiva' per utente 'gsoraru'
2026-03-12 10:23:09 - INFO - _load_requests_by_status - [MULTI-DB] Caricamento da tutti i database (filtro utente: gsoraru)...
2026-03-12 10:23:09 - INFO - _load_requests_by_status - [MULTI-DB] Trovate 0 RdO in stato 'archiviata' per utente 'gsoraru'
2026-03-12 10:23:09 - INFO - populate_username_filter - [populate_username_filter] Trovati 1 utenti: ['gsoraru']
2026-03-12 10:23:20 - INFO - init_i18n - Tentativo di caricare traduzioni per 'it' da: /home/guido/DataFlow 2.0.0 - Linux/locale
2026-03-12 10:23:20 - INFO - init_i18n - ✓ File traduzioni caricato con successo: /home/guido/DataFlow 2.0.0 - Linux/locale/it/LC_MESSAGES/dataflow.mo
2026-03-12 10:23:20 - INFO - <module> - ======================================================================
2026-03-12 10:23:20 - INFO - <module> - INIZIALIZZAZIONE I18N
2026-03-12 10:23:20 - INFO - <module> - ======================================================================
2026-03-12 10:23:20 - INFO - init_i18n - Tentativo di caricare traduzioni per 'en' da: /home/guido/DataFlow 2.0.0 - Linux/locale
2026-03-12 10:23:20 - INFO - init_i18n - ✓ File traduzioni caricato con successo: /home/guido/DataFlow 2.0.0 - Linux/locale/en/LC_MESSAGES/dataflow.mo
2026-03-12 10:23:20 - INFO - <module> - Lingua inizializzata: en
2026-03-12 10:23:20 - INFO - <module> - ======================================================================
2026-03-12 10:23:21 - INFO - main_task - Identità utente già presente: gsoraru
2026-03-12 10:23:21 - INFO - main_task - Identità utente già salvata: gsoraru
2026-03-12 10:23:21 - INFO - reset_db_cache - Cache percorso DB invalidata
2026-03-12 10:23:21 - INFO - crea_database_v4 - Inizializzazione database
2026-03-12 10:23:21 - INFO - get_user_documents_dataflow_dir - Usando directory DataFlow standard: /home/guido/DataFlow_gsoraru
2026-03-12 10:23:21 - INFO - get_db_path - Usando database utente: /home/guido/DataFlow_gsoraru/Database/dataflow_db_gsoraru.db
2026-03-12 10:23:21 - INFO - get_db_path - Percorso database finale: /home/guido/DataFlow_gsoraru/Database/dataflow_db_gsoraru.db
2026-03-12 10:23:21 - INFO - crea_database_v4 - Database inizializzato con successo
2026-03-12 10:23:21 - INFO - get_user_documents_dataflow_dir - Usando directory DataFlow standard: /home/guido/DataFlow_gsoraru
2026-03-12 10:23:21 - INFO - _load_requests_by_status - [MULTI-DB] Caricamento da tutti i database (filtro utente: gsoraru)...
2026-03-12 10:23:21 - INFO - _load_requests_by_status - [MULTI-DB] Trovate 1 RdO in stato 'attiva' per utente 'gsoraru'
2026-03-12 10:23:21 - INFO - _load_requests_by_status - [MULTI-DB] Caricamento da tutti i database (filtro utente: gsoraru)...
2026-03-12 10:23:21 - INFO - _load_requests_by_status - [MULTI-DB] Trovate 0 RdO in stato 'archiviata' per utente 'gsoraru'
2026-03-12 10:23:21 - INFO - populate_username_filter - [populate_username_filter] Trovati 1 utenti: ['gsoraru']
2026-03-12 10:25:10 - INFO - _load_requests_by_status - [MULTI-DB] Caricamento da tutti i database (filtro utente: gsoraru)...
2026-03-12 10:25:10 - INFO - _load_requests_by_status - [MULTI-DB] Trovate 1 RdO in stato 'attiva' per utente 'gsoraru'
2026-03-12 10:25:10 - INFO - _load_requests_by_status - [MULTI-DB] Caricamento da tutti i database (filtro utente: gsoraru)...
2026-03-12 10:25:10 - INFO - _load_requests_by_status - [MULTI-DB] Trovate 0 RdO in stato 'archiviata' per utente 'gsoraru'
2026-03-12 10:25:10 - INFO - populate_username_filter - [populate_username_filter] Trovati 1 utenti: ['gsoraru']
2026-03-12 10:27:40 - INFO - init_i18n - Tentativo di caricare traduzioni per 'it' da: /home/guido/DataFlow 2.0.0 - Linux/locale
2026-03-12 10:27:40 - INFO - init_i18n - ✓ File traduzioni caricato con successo: /home/guido/DataFlow 2.0.0 - Linux/locale/it/LC_MESSAGES/dataflow.mo
2026-03-12 10:27:40 - INFO - <module> - ======================================================================
2026-03-12 10:27:40 - INFO - <module> - INIZIALIZZAZIONE I18N
2026-03-12 10:27:40 - INFO - <module> - ======================================================================
2026-03-12 10:27:40 - INFO - init_i18n - Tentativo di caricare traduzioni per 'en' da: /home/guido/DataFlow 2.0.0 - Linux/locale
2026-03-12 10:27:40 - INFO - init_i18n - ✓ File traduzioni caricato con successo: /home/guido/DataFlow 2.0.0 - Linux/locale/en/LC_MESSAGES/dataflow.mo
2026-03-12 10:27:40 - INFO - <module> - Lingua inizializzata: en
2026-03-12 10:27:40 - INFO - <module> - ======================================================================
2026-03-12 10:27:41 - INFO - main_task - Identità utente già presente: gsoraru
2026-03-12 10:27:41 - INFO - main_task - Identità utente già salvata: gsoraru
2026-03-12 10:27:41 - INFO - reset_db_cache - Cache percorso DB invalidata
2026-03-12 10:27:41 - INFO - crea_database_v4 - Inizializzazione database
2026-03-12 10:27:41 - INFO - get_user_documents_dataflow_dir - Usando directory DataFlow standard: /home/guido/DataFlow_gsoraru
2026-03-12 10:27:41 - INFO - get_db_path - Usando database utente: /home/guido/DataFlow_gsoraru/Database/dataflow_db_gsoraru.db
2026-03-12 10:27:41 - INFO - get_db_path - Percorso database finale: /home/guido/DataFlow_gsoraru/Database/dataflow_db_gsoraru.db
2026-03-12 10:27:41 - INFO - crea_database_v4 - Database inizializzato con successo
2026-03-12 10:27:41 - INFO - get_user_documents_dataflow_dir - Usando directory DataFlow standard: /home/guido/DataFlow_gsoraru
2026-03-12 10:27:41 - INFO - _load_requests_by_status - [MULTI-DB] Caricamento da tutti i database (filtro utente: gsoraru)...
2026-03-12 10:27:41 - INFO - _load_requests_by_status - [MULTI-DB] Trovate 1 RdO in stato 'attiva' per utente 'gsoraru'
2026-03-12 10:27:41 - INFO - _load_requests_by_status - [MULTI-DB] Caricamento da tutti i database (filtro utente: gsoraru)...
2026-03-12 10:27:41 - INFO - _load_requests_by_status - [MULTI-DB] Trovate 0 RdO in stato 'archiviata' per utente 'gsoraru'
2026-03-12 10:27:41 - INFO - populate_username_filter - [populate_username_filter] Trovati 1 utenti: ['gsoraru']
2026-03-12 10:27:54 - INFO - save_po_entries - Numeri ordine salvati per RdO 2600000: 1 entries
2026-03-12 10:28:30 - INFO - auto_calculate_cost - SQDC auto_calculate_cost: Processing 2 suppliers
2026-03-12 10:28:30 - INFO - auto_calculate_cost - SQDC auto_calculate_cost: Total items in RdO: 1
2026-03-12 10:28:30 - INFO - auto_calculate_cost - SQDC auto_calculate_cost: Supplier fdafdsa total price: 782.0
2026-03-12 10:28:30 - INFO - auto_calculate_cost - SQDC auto_calculate_cost: Supplier test total price: 1156.0
2026-03-12 10:28:30 - INFO - auto_calculate_cost - SQDC auto_calculate_cost: Calculation completed successfully
2026-03-12 10:28:30 - INFO - update_price_warning - SQDC: Avviso prezzi mancanti nascosto
2026-03-12 10:28:30 - INFO - auto_calculate_cost - SQDC: Switched to Scores tab (index 1)
2026-03-12 10:28:55 - INFO - get_user_documents_dataflow_dir - Usando directory DataFlow standard: /home/guido/DataFlow_gsoraru
2026-03-12 10:28:55 - INFO - save_sqdc - Analisi SQDC salvata come Documento Interno: RfQ2600000_SQDC_ID1.xlsx -> /home/guido/DataFlow_gsoraru/Attachments/RfQ2600000_SQDC_ID1.xlsx
2026-03-12 10:28:58 - INFO - get_user_documents_dataflow_dir - Usando directory DataFlow standard: /home/guido/DataFlow_gsoraru
2026-03-12 10:28:58 - INFO - open_sqdc_analysis - Caricamento SQDC da file fisico: /home/guido/DataFlow_gsoraru/Attachments/RfQ2600000_SQDC_ID1.xlsx
2026-03-12 10:28:58 - INFO - open_sqdc_analysis - Dati SQDC caricati per RdO 2600000: 2 fornitori
2026-03-12 10:29:11 - INFO - export_to_excel - Analisi SQDC esportata: /home/guido/SQDC_Analysis_RfQ_2600000.xlsx
2026-03-12 10:29:44 - INFO - _load_requests_by_status - [MULTI-DB] Caricamento da tutti i database (filtro utente: gsoraru)...
2026-03-12 10:29:44 - INFO - _load_requests_by_status - [MULTI-DB] Trovate 1 RdO in stato 'attiva' per utente 'gsoraru'
2026-03-12 10:29:44 - INFO - _load_requests_by_status - [MULTI-DB] Caricamento da tutti i database (filtro utente: gsoraru)...
2026-03-12 10:29:44 - INFO - _load_requests_by_status - [MULTI-DB] Trovate 0 RdO in stato 'archiviata' per utente 'gsoraru'
2026-03-12 10:29:44 - INFO - populate_username_filter - [populate_username_filter] Trovati 1 utenti: ['gsoraru']
2026-03-12 10:29:51 - INFO - open_new_request_window - Creata nuova RdO guscio N° 2600001 (tipo: Conto lavoro)
2026-03-12 10:30:37 - INFO - _load_requests_by_status - [MULTI-DB] Caricamento da tutti i database (filtro utente: gsoraru)...
2026-03-12 10:30:37 - INFO - _load_requests_by_status - [MULTI-DB] Trovate 2 RdO in stato 'attiva' per utente 'gsoraru'
2026-03-12 10:30:37 - INFO - _load_requests_by_status - [MULTI-DB] Caricamento da tutti i database (filtro utente: gsoraru)...
2026-03-12 10:30:37 - INFO - _load_requests_by_status - [MULTI-DB] Trovate 0 RdO in stato 'archiviata' per utente 'gsoraru'
2026-03-12 10:30:37 - INFO - populate_username_filter - [populate_username_filter] Trovati 1 utenti: ['gsoraru']
2026-03-12 10:30:46 - WARNING - search_requests - Caratteri pericolosi rimossi dal campo 'num': '260000\' -> '260000'
2026-03-12 10:30:49 - INFO - search_requests - [search_requests] Ricerca locale per utente corrente: gsoraru
2026-03-12 10:30:53 - INFO - search_requests - [search_requests] Ricerca locale per utente corrente: gsoraru
2026-03-12 10:30:54 - INFO - _load_requests_by_status - [MULTI-DB] Caricamento da tutti i database (filtro utente: gsoraru)...
2026-03-12 10:30:54 - INFO - _load_requests_by_status - [MULTI-DB] Trovate 2 RdO in stato 'attiva' per utente 'gsoraru'
2026-03-12 10:30:54 - INFO - _load_requests_by_status - [MULTI-DB] Caricamento da tutti i database (filtro utente: gsoraru)...
2026-03-12 10:30:54 - INFO - _load_requests_by_status - [MULTI-DB] Trovate 0 RdO in stato 'archiviata' per utente 'gsoraru'
2026-03-12 10:30:54 - INFO - populate_username_filter - [populate_username_filter] Trovati 1 utenti: ['gsoraru']
2026-03-12 10:30:56 - INFO - _load_requests_by_status - [MULTI-DB] Caricamento da tutti i database (filtro utente: None)...
2026-03-12 10:30:56 - INFO - _load_requests_by_status - [MULTI-DB] Trovate 2 RdO in stato 'attiva' da tutti gli utenti
2026-03-12 10:30:56 - INFO - _load_requests_by_status - [MULTI-DB] Caricamento da tutti i database (filtro utente: None)...
2026-03-12 10:30:56 - INFO - _load_requests_by_status - [MULTI-DB] Trovate 0 RdO in stato 'archiviata' da tutti gli utenti
2026-03-12 10:30:56 - INFO - populate_username_filter - [populate_username_filter] Trovati 1 utenti: ['gsoraru']
2026-03-12 10:30:57 - INFO - _load_requests_by_status - [MULTI-DB] Caricamento da tutti i database (filtro utente: gsoraru)...
2026-03-12 10:30:57 - INFO - _load_requests_by_status - [MULTI-DB] Trovate 2 RdO in stato 'attiva' per utente 'gsoraru'
2026-03-12 10:30:57 - INFO - _load_requests_by_status - [MULTI-DB] Caricamento da tutti i database (filtro utente: gsoraru)...
2026-03-12 10:30:57 - INFO - _load_requests_by_status - [MULTI-DB] Trovate 0 RdO in stato 'archiviata' per utente 'gsoraru'
2026-03-12 10:30:57 - INFO - populate_username_filter - [populate_username_filter] Trovati 1 utenti: ['gsoraru']
2026-03-12 10:31:03 - INFO - search_requests - [search_requests] Ricerca locale per utente corrente: gsoraru
2026-03-12 10:57:45 - INFO - init_i18n - Tentativo di caricare traduzioni per 'it' da: /home/guido/DataFlow 2.0.0 - Linux/locale
2026-03-12 10:57:45 - INFO - init_i18n - ✓ File traduzioni caricato con successo: /home/guido/DataFlow 2.0.0 - Linux/locale/it/LC_MESSAGES/dataflow.mo
2026-03-12 10:57:45 - INFO - <module> - ======================================================================
2026-03-12 10:57:45 - INFO - <module> - INIZIALIZZAZIONE I18N
2026-03-12 10:57:45 - INFO - <module> - ======================================================================
2026-03-12 10:57:45 - INFO - init_i18n - Tentativo di caricare traduzioni per 'en' da: /home/guido/DataFlow 2.0.0 - Linux/locale
2026-03-12 10:57:45 - INFO - init_i18n - ✓ File traduzioni caricato con successo: /home/guido/DataFlow 2.0.0 - Linux/locale/en/LC_MESSAGES/dataflow.mo
2026-03-12 10:57:45 - INFO - <module> - Lingua inizializzata: en
2026-03-12 10:57:45 - INFO - <module> - ======================================================================
2026-03-12 10:57:45 - INFO - main_task - Identità utente già presente: gsoraru
2026-03-12 10:57:45 - INFO - main_task - Identità utente già salvata: gsoraru
2026-03-12 10:57:45 - INFO - reset_db_cache - Cache percorso DB invalidata
2026-03-12 10:57:45 - INFO - crea_database_v4 - Inizializzazione database
2026-03-12 10:57:45 - INFO - get_user_documents_dataflow_dir - Usando directory DataFlow standard: /home/guido/DataFlow_gsoraru
2026-03-12 10:57:45 - INFO - get_db_path - Usando database utente: /home/guido/DataFlow_gsoraru/Database/dataflow_db_gsoraru.db
2026-03-12 10:57:45 - INFO - get_db_path - Percorso database finale: /home/guido/DataFlow_gsoraru/Database/dataflow_db_gsoraru.db
2026-03-12 10:57:45 - INFO - crea_database_v4 - Database inizializzato con successo
2026-03-12 10:57:45 - INFO - get_user_documents_dataflow_dir - Usando directory DataFlow standard: /home/guido/DataFlow_gsoraru
2026-03-12 10:57:46 - INFO - _load_requests_by_status - [MULTI-DB] Caricamento da tutti i database (filtro utente: gsoraru)...
2026-03-12 10:57:46 - INFO - _load_requests_by_status - [MULTI-DB] Trovate 2 RdO in stato 'attiva' per utente 'gsoraru'
2026-03-12 10:57:46 - INFO - _load_requests_by_status - [MULTI-DB] Caricamento da tutti i database (filtro utente: gsoraru)...
2026-03-12 10:57:46 - INFO - _load_requests_by_status - [MULTI-DB] Trovate 0 RdO in stato 'archiviata' per utente 'gsoraru'
2026-03-12 10:57:46 - INFO - populate_username_filter - [populate_username_filter] Trovati 1 utenti: ['gsoraru']
